<?xml version="1.0" encoding="UTF-8"?>
<!-- Generated by org.testng.reporters.JUnitReportReporter -->
<testsuite hostname="LAPTOP-5VSJ2M2L" failures="0" tests="4" name="testCases.LoginTest" time="6.984" errors="0" timestamp="2024-12-04T18:12:37 IST" skipped="0">
  <testcase classname="testCases.LoginTest" name="loginTest" time="1.474"/>
  <system-out>
    <![CDATA[login test
Check the title of the page]]>
  </system-out>
  <testcase classname="testCases.LoginTest" name="loginTest" time="1.323"/>
  <system-out>
    <![CDATA[login test
Check the title of the page]]>
  </system-out>
  <testcase classname="testCases.LoginTest" name="loginTest" time="3.071"/>
  <system-out>
    <![CDATA[login test
Check the title of the page]]>
  </system-out>
  <testcase classname="testCases.LoginTest" name="loginTest" time="1.116"/>
  <system-out>
    <![CDATA[login test
Check the title of the page]]>
  </system-out>
</testsuite> <!-- testCases.LoginTest -->
