<?xml version="1.0" encoding="UTF-8"?>
<!-- Generated by org.testng.reporters.JUnitReportReporter -->
<testsuite hostname="LAPTOP-5VSJ2M2L" failures="0" tests="1" name="testCases.HomePageTest" time="3.142" errors="0" timestamp="2024-12-04T17:04:44 IST" skipped="0">
  <testcase classname="testCases.HomePageTest" name="VerifyCartBtn" time="3.142"/>
  <system-out>
    <![CDATA[User loged in
Log in sucessfull
Click on cart Button
User sucessfully clicked the cart Button]]>
  </system-out>
</testsuite> <!-- testCases.HomePageTest -->
